#
# A fatal error has been detected by the Java Runtime Environment:
#
#  EXCEPTION_ACCESS_VIOLATION (0xc0000005) at pc=0x000000006285180f, pid=14056, tid=2360
#
# JRE version: Java(TM) SE Runtime Environment (9.0+11) (build 9.0.4+11)
# Java VM: Java HotSpot(TM) 64-Bit Server VM (9.0.4+11, mixed mode, tiered, compressed oops, g1 gc, windows-amd64)
# Problematic frame:
# C  [gdx-bullet64.dll+0x1180f]
#
# No core dump will be written. Minidumps are not enabled by default on client versions of Windows
#
# If you would like to submit a bug report, please visit:
#   http://bugreport.java.com/bugreport/crash.jsp
# The crash happened outside the Java Virtual Machine in native code.
# See problematic frame for where to report the bug.
#

---------------  S U M M A R Y ------------

Command Line: -javaagent:C:\Program Files\JetBrains\IntelliJ IDEA Community Edition 2018.1\lib\idea_rt.jar=57940:C:\Program Files\JetBrains\IntelliJ IDEA Community Edition 2018.1\bin -Dfile.encoding=UTF-8 uib.bamboozle.Game

Host: Intel(R) Core(TM) i5-6200U CPU @ 2.30GHz, 4 cores, 7G,  Windows 10 , 64 bit Build 17074 (10.0.17074.1002)
Time: Tue Jun 05 18:29:04 2018 Vest-Europa (sommertid) elapsed time: 19 seconds (0d 0h 0m 19s)

---------------  T H R E A D  ---------------

Current thread (0x000002895b26e000):  JavaThread "LWJGL Application" [_thread_in_native, id=2360, stack(0x0000008e49400000,0x0000008e49500000)]

Stack: [0x0000008e49400000,0x0000008e49500000],  sp=0x0000008e494fed60,  free space=1019k
Native frames: (J=compiled Java code, j=interpreted, Vv=VM code, C=native code)
C  [gdx-bullet64.dll+0x1180f]
C  [gdx-bullet64.dll+0x11aa2]
C  [gdx-bullet64.dll+0x118e2]
C  [gdx-bullet64.dll+0x1185a]
C  [gdx-bullet64.dll+0x265d4]
C  0x00000289438a921c

Java frames: (J=compiled Java code, j=interpreted, Vv=VM code)
j  com.badlogic.gdx.physics.bullet.dynamics.DynamicsJNI.btDynamicsWorld_removeRigidBody(JLcom/badlogic/gdx/physics/bullet/dynamics/btDynamicsWorld;JLcom/badlogic/gdx/physics/bullet/dynamics/btRigidBody;)V+0
j  com.badlogic.gdx.physics.bullet.dynamics.btDynamicsWorld.removeRigidBody(Lcom/badlogic/gdx/physics/bullet/dynamics/btRigidBody;)V+10
j  uib.bamboozle.levels.Level.dispose()V+37
j  uib.bamboozle.ui.GameScreen.dispose()V+11
j  uib.bamboozle.Game.dispose()V+24
j  com.badlogic.gdx.backends.lwjgl.LwjglApplication.mainLoop()V+846
j  com.badlogic.gdx.backends.lwjgl.LwjglApplication$1.run()V+27
v  ~StubRoutines::call_stub

siginfo: EXCEPTION_ACCESS_VIOLATION (0xc0000005), reading address 0x000002895e113720


Register to memory mapping:

RIP=0x000000006285180f gdx-bullet64.dll
RAX=0x0000000000000000 is an unknown value
RBX=0x000002895bfb7a40 is an unknown value
RCX=0xae0411e255820000 is an unknown value
RDX=0x0000000000000000 is an unknown value
RSP=0x0000008e494fed60 is pointing into the stack for thread: 0x000002895b26e000
RBP=0x0000008e494fee40 is pointing into the stack for thread: 0x000002895b26e000
RSI=0x000002895e113720 is an unknown value
RDI=0x000002895e116170 is an unknown value
R8 =0x0000000000000003 is an unknown value
R9 =0x0000028937c1030c is an unknown value
R10=0x00007ff8a97c7ce0 ntdll.dll
R11=0x0000008e494febb0 is pointing into the stack for thread: 0x000002895b26e000
R12=0x000002895e113720 is an unknown value
R13={method} {0x000002896449b358} 'btDynamicsWorld_removeRigidBody' '(JLcom/badlogic/gdx/physics/bullet/dynamics/btDynamicsWorld;JLcom/badlogic/gdx/physics/bullet/dynamics/btRigidBody;)V' in 'com/badlogic/gdx/physics/bullet/dynamics/DynamicsJNI'
R14=0x0000008e494fef90 is pointing into the stack for thread: 0x000002895b26e000
R15=0x000002895b26e000 is a thread


Registers:
RAX=0x0000000000000000, RBX=0x000002895bfb7a40, RCX=0xae0411e255820000, RDX=0x0000000000000000
RSP=0x0000008e494fed60, RBP=0x0000008e494fee40, RSI=0x000002895e113720, RDI=0x000002895e116170
R8 =0x0000000000000003, R9 =0x0000028937c1030c, R10=0x00007ff8a97c7ce0, R11=0x0000008e494febb0
R12=0x000002895e113720, R13=0x000002896449b350, R14=0x0000008e494fef90, R15=0x000002895b26e000
RIP=0x000000006285180f, EFLAGS=0x0000000000010206

Top of Stack: (sp=0x0000008e494fed60)
0x0000008e494fed60:   0000028972f48098 0000000055c9fdec
0x0000008e494fed70:   0000008e494fedc0 00000001000f6270
0x0000008e494fed80:   0000000000000000 000002895bfb7a40
0x0000008e494fed90:   0000000000000001 0000000062851aa2
0x0000008e494feda0:   00000289643ae35c 0000028972f48098
0x0000008e494fedb0:   0000008e494fee90 000002895ad4ab68
0x0000008e494fedc0:   0000000055dfe5a0 00000000628518e2
0x0000008e494fedd0:   0000000000000014 000000000000000c
0x0000008e494fede0:   00000000000f0000 0000000055c0196d
0x0000008e494fedf0:   000002895e13e8a0 000002895e116380
0x0000008e494fee00:   000002895e13eb90 0000008e494fef48
0x0000008e494fee10:   0000000000000000 000000006285185a
0x0000008e494fee20:   0000028972f48098 00000000559d97bb
0x0000008e494fee30:   0000028972f48098 0000000000000002
0x0000008e494fee40:   0000000062b2e0d0 000002895e13eb90
0x0000008e494fee50:   000002895e116170 000002895e113720 

Instructions: (pc=0x000000006285180f)
0x00000000628517ef:   90 56 53 48 83 ec 28 48 8b 4a 10 48 89 d3 4c 89
0x00000000628517ff:   c6 48 85 c9 74 1f 4d 85 c0 74 1a 48 8b 11 ff 12
0x000000006285180f:   48 8b 06 48 8b 53 10 48 89 f1 ff 50 78 48 c7 43
0x000000006285181f:   10 00 00 00 00 48 83 c4 28 5b 5e c3 90 0f 1f 40 



---------------  P R O C E S S  ---------------

Java Threads: ( => current thread )
  0x000002895b1e0800 JavaThread "pool-1-thread-1" [_thread_blocked, id=10140, stack(0x0000008e49b00000,0x0000008e49c00000)]
  0x000002895cfa7800 JavaThread "LWJGL Timer" daemon [_thread_blocked, id=14696, stack(0x0000008e49a00000,0x0000008e49b00000)]
  0x000002895d144000 JavaThread "Thread-1" [_thread_in_native, id=16116, stack(0x0000008e49900000,0x0000008e49a00000)]
  0x00000289378c9800 JavaThread "DestroyJavaVM" [_thread_blocked, id=3352, stack(0x0000008e47600000,0x0000008e47700000)]
=>0x000002895b26e000 JavaThread "LWJGL Application" [_thread_in_native, id=2360, stack(0x0000008e49400000,0x0000008e49500000)]
  0x000002895b149000 JavaThread "Service Thread" daemon [_thread_blocked, id=10972, stack(0x0000008e48d00000,0x0000008e48e00000)]
  0x000002895b148000 JavaThread "Monitor Ctrl-Break" daemon [_thread_in_native, id=16088, stack(0x0000008e48c00000,0x0000008e48d00000)]
  0x000002895ad69800 JavaThread "Common-Cleaner" daemon [_thread_blocked, id=10816, stack(0x0000008e48b00000,0x0000008e48c00000)]
  0x000002895ad49000 JavaThread "Sweeper thread" daemon [_thread_blocked, id=7716, stack(0x0000008e48a00000,0x0000008e48b00000)]
  0x000002895acde800 JavaThread "C1 CompilerThread2" daemon [_thread_blocked, id=7812, stack(0x0000008e48900000,0x0000008e48a00000)]
  0x000002895ac64800 JavaThread "C2 CompilerThread1" daemon [_thread_blocked, id=6052, stack(0x0000008e48800000,0x0000008e48900000)]
  0x000002895ac63800 JavaThread "C2 CompilerThread0" daemon [_thread_blocked, id=12768, stack(0x0000008e48700000,0x0000008e48800000)]
  0x000002895acbb000 JavaThread "Attach Listener" daemon [_thread_blocked, id=652, stack(0x0000008e48600000,0x0000008e48700000)]
  0x000002895acba800 JavaThread "Signal Dispatcher" daemon [_thread_blocked, id=14340, stack(0x0000008e48500000,0x0000008e48600000)]
  0x000002895ac6c800 JavaThread "Finalizer" daemon [_thread_blocked, id=12036, stack(0x0000008e48400000,0x0000008e48500000)]
  0x000002895ac69000 JavaThread "Reference Handler" daemon [_thread_blocked, id=9624, stack(0x0000008e48300000,0x0000008e48400000)]

Other Threads:
  0x000002895ac55000 VMThread "VM Thread" [stack: 0x0000008e48200000,0x0000008e48300000] [id=9056]
  0x000002895b14c800 WatcherThread [stack: 0x0000008e48e00000,0x0000008e48f00000] [id=15716]
  0x00000289378de800 GCTaskThread "GC Thread#0" [stack: 0x0000008e47700000,0x0000008e47800000] [id=5180]
  0x00000289378e0000 GCTaskThread "GC Thread#1" [stack: 0x0000008e47800000,0x0000008e47900000] [id=16864]
  0x00000289378e2800 GCTaskThread "GC Thread#2" [stack: 0x0000008e47900000,0x0000008e47a00000] [id=10172]
  0x00000289378e5000 GCTaskThread "GC Thread#3" [stack: 0x0000008e47a00000,0x0000008e47b00000] [id=4564]
  0x0000028937968800 ConcurrentGCThread "G1 Main Marker" [stack: 0x0000008e48000000,0x0000008e48100000] [id=1468]
  0x000002893796c800 ConcurrentGCThread "G1 Marker#0" [stack: 0x0000008e48100000,0x0000008e48200000] [id=10756]
  0x00000289378fd800 ConcurrentGCThread "G1 Refine#0" [stack: 0x0000008e47e00000,0x0000008e47f00000] [id=16976]
  0x00000289378f4000 ConcurrentGCThread "G1 Refine#1" [stack: 0x0000008e47d00000,0x0000008e47e00000] [id=5048]
  0x00000289378f1800 ConcurrentGCThread "G1 Refine#2" [stack: 0x0000008e47c00000,0x0000008e47d00000] [id=17156]
  0x00000289378e8000 ConcurrentGCThread "G1 Refine#3" [stack: 0x0000008e47b00000,0x0000008e47c00000] [id=16016]
  0x0000028937903800 ConcurrentGCThread "G1 Young RemSet Sampling" [stack: 0x0000008e47f00000,0x0000008e48000000] [id=6868]

Threads with active compile tasks:

VM state:not at safepoint (normal execution)

VM Mutex/Monitor currently owned by a thread: None

Heap address: 0x0000000082000000, size: 2016 MB, Compressed Oops mode: 32-bit
Narrow klass base: 0x0000000000000000, Narrow klass shift: 3
Compressed class space size: 1073741824 Address: 0x0000000100000000

Heap:
 garbage-first heap   total 129024K, used 48438K [0x0000000082000000, 0x00000000821003f0, 0x0000000100000000)
  region size 1024K, 47 young (48128K), 2 survivors (2048K)
 Metaspace       used 14220K, capacity 14443K, committed 14592K, reserved 1062912K
  class space    used 1121K, capacity 1199K, committed 1280K, reserved 1048576K
Heap Regions: E=young(eden), S=young(survivor), O=old, HS=humongous(starts), HC=humongous(continues), CS=collection set, F=free, A=archive, TS=gc time stamp, AC=allocation context, TAMS=top-at-mark-start (previous, next)
|   0|0x0000000082000000, 0x0000000082100000, 0x0000000082100000|100%| O|  |TS  1|AC  0|TAMS 0x0000000082000000, 0x0000000082000000|
|   1|0x0000000082100000, 0x000000008214da00, 0x0000000082200000| 30%| O|  |TS  1|AC  0|TAMS 0x0000000082100000, 0x0000000082100000|
|   2|0x0000000082200000, 0x0000000082200000, 0x0000000082300000|  0%| F|  |TS  0|AC  0|TAMS 0x0000000082200000, 0x0000000082200000|
|   3|0x0000000082300000, 0x0000000082300000, 0x0000000082400000|  0%| F|  |TS  0|AC  0|TAMS 0x0000000082300000, 0x0000000082300000|
|   4|0x0000000082400000, 0x0000000082400000, 0x0000000082500000|  0%| F|  |TS  0|AC  0|TAMS 0x0000000082400000, 0x0000000082400000|
|   5|0x0000000082500000, 0x0000000082500000, 0x0000000082600000|  0%| F|  |TS  0|AC  0|TAMS 0x0000000082500000, 0x0000000082500000|
|   6|0x0000000082600000, 0x0000000082600000, 0x0000000082700000|  0%| F|  |TS  0|AC  0|TAMS 0x0000000082600000, 0x0000000082600000|
|   7|0x0000000082700000, 0x0000000082700000, 0x0000000082800000|  0%| F|  |TS  0|AC  0|TAMS 0x0000000082700000, 0x0000000082700000|
|   8|0x0000000082800000, 0x0000000082800000, 0x0000000082900000|  0%| F|  |TS  0|AC  0|TAMS 0x0000000082800000, 0x0000000082800000|
|   9|0x0000000082900000, 0x0000000082900000, 0x0000000082a00000|  0%| F|  |TS  0|AC  0|TAMS 0x0000000082900000, 0x0000000082900000|
|  10|0x0000000082a00000, 0x0000000082a00000, 0x0000000082b00000|  0%| F|  |TS  0|AC  0|TAMS 0x0000000082a00000, 0x0000000082a00000|
|  11|0x0000000082b00000, 0x0000000082b00000, 0x0000000082c00000|  0%| F|  |TS  0|AC  0|TAMS 0x0000000082b00000, 0x0000000082b00000|
|  12|0x0000000082c00000, 0x0000000082c00000, 0x0000000082d00000|  0%| F|  |TS  0|AC  0|TAMS 0x0000000082c00000, 0x0000000082c00000|
|  13|0x0000000082d00000, 0x0000000082d00000, 0x0000000082e00000|  0%| F|  |TS  0|AC  0|TAMS 0x0000000082d00000, 0x0000000082d00000|
|  14|0x0000000082e00000, 0x0000000082e00000, 0x0000000082f00000|  0%| F|  |TS  0|AC  0|TAMS 0x0000000082e00000, 0x0000000082e00000|
|  15|0x0000000082f00000, 0x0000000082f00000, 0x0000000083000000|  0%| F|  |TS  0|AC  0|TAMS 0x0000000082f00000, 0x0000000082f00000|
|  16|0x0000000083000000, 0x0000000083000000, 0x0000000083100000|  0%| F|  |TS  0|AC  0|TAMS 0x0000000083000000, 0x0000000083000000|
|  17|0x0000000083100000, 0x0000000083100000, 0x0000000083200000|  0%| F|  |TS  0|AC  0|TAMS 0x0000000083100000, 0x0000000083100000|
|  18|0x0000000083200000, 0x0000000083200000, 0x0000000083300000|  0%| F|  |TS  0|AC  0|TAMS 0x0000000083200000, 0x0000000083200000|
|  19|0x0000000083300000, 0x0000000083300000, 0x0000000083400000|  0%| F|  |TS  0|AC  0|TAMS 0x0000000083300000, 0x0000000083300000|
|  20|0x0000000083400000, 0x0000000083400000, 0x0000000083500000|  0%| F|  |TS  0|AC  0|TAMS 0x0000000083400000, 0x0000000083400000|
|  21|0x0000000083500000, 0x0000000083500000, 0x0000000083600000|  0%| F|  |TS  0|AC  0|TAMS 0x0000000083500000, 0x0000000083500000|
|  22|0x0000000083600000, 0x0000000083600000, 0x0000000083700000|  0%| F|  |TS  0|AC  0|TAMS 0x0000000083600000, 0x0000000083600000|
|  23|0x0000000083700000, 0x0000000083700000, 0x0000000083800000|  0%| F|  |TS  0|AC  0|TAMS 0x0000000083700000, 0x0000000083700000|
|  24|0x0000000083800000, 0x0000000083800000, 0x0000000083900000|  0%| F|  |TS  0|AC  0|TAMS 0x0000000083800000, 0x0000000083800000|
|  25|0x0000000083900000, 0x0000000083900000, 0x0000000083a00000|  0%| F|  |TS  0|AC  0|TAMS 0x0000000083900000, 0x0000000083900000|
|  26|0x0000000083a00000, 0x0000000083a00000, 0x0000000083b00000|  0%| F|  |TS  0|AC  0|TAMS 0x0000000083a00000, 0x0000000083a00000|
|  27|0x0000000083b00000, 0x0000000083b00000, 0x0000000083c00000|  0%| F|  |TS  0|AC  0|TAMS 0x0000000083b00000, 0x0000000083b00000|
|  28|0x0000000083c00000, 0x0000000083c00000, 0x0000000083d00000|  0%| F|  |TS  0|AC  0|TAMS 0x0000000083c00000, 0x0000000083c00000|
|  29|0x0000000083d00000, 0x0000000083d00000, 0x0000000083e00000|  0%| F|  |TS  0|AC  0|TAMS 0x0000000083d00000, 0x0000000083d00000|
|  30|0x0000000083e00000, 0x0000000083e00000, 0x0000000083f00000|  0%| F|  |TS  0|AC  0|TAMS 0x0000000083e00000, 0x0000000083e00000|
|  31|0x0000000083f00000, 0x0000000083f00000, 0x0000000084000000|  0%| F|  |TS  0|AC  0|TAMS 0x0000000083f00000, 0x0000000083f00000|
|  32|0x0000000084000000, 0x0000000084000000, 0x0000000084100000|  0%| F|  |TS  0|AC  0|TAMS 0x0000000084000000, 0x0000000084000000|
|  33|0x0000000084100000, 0x0000000084100000, 0x0000000084200000|  0%| F|  |TS  0|AC  0|TAMS 0x0000000084100000, 0x0000000084100000|
|  34|0x0000000084200000, 0x0000000084200000, 0x0000000084300000|  0%| F|  |TS  0|AC  0|TAMS 0x0000000084200000, 0x0000000084200000|
|  35|0x0000000084300000, 0x0000000084300000, 0x0000000084400000|  0%| F|  |TS  0|AC  0|TAMS 0x0000000084300000, 0x0000000084300000|
|  36|0x0000000084400000, 0x0000000084400000, 0x0000000084500000|  0%| F|  |TS  0|AC  0|TAMS 0x0000000084400000, 0x0000000084400000|
|  37|0x0000000084500000, 0x0000000084500000, 0x0000000084600000|  0%| F|  |TS  0|AC  0|TAMS 0x0000000084500000, 0x0000000084500000|
|  38|0x0000000084600000, 0x0000000084600000, 0x0000000084700000|  0%| F|  |TS  0|AC  0|TAMS 0x0000000084600000, 0x0000000084600000|
|  39|0x0000000084700000, 0x0000000084700000, 0x0000000084800000|  0%| F|  |TS  0|AC  0|TAMS 0x0000000084700000, 0x0000000084700000|
|  40|0x0000000084800000, 0x0000000084800000, 0x0000000084900000|  0%| F|  |TS  0|AC  0|TAMS 0x0000000084800000, 0x0000000084800000|
|  41|0x0000000084900000, 0x0000000084900000, 0x0000000084a00000|  0%| F|  |TS  0|AC  0|TAMS 0x0000000084900000, 0x0000000084900000|
|  42|0x0000000084a00000, 0x0000000084a00000, 0x0000000084b00000|  0%| F|  |TS  0|AC  0|TAMS 0x0000000084a00000, 0x0000000084a00000|
|  43|0x0000000084b00000, 0x0000000084b00000, 0x0000000084c00000|  0%| F|  |TS  0|AC  0|TAMS 0x0000000084b00000, 0x0000000084b00000|
|  44|0x0000000084c00000, 0x0000000084c00000, 0x0000000084d00000|  0%| F|  |TS  0|AC  0|TAMS 0x0000000084c00000, 0x0000000084c00000|
|  45|0x0000000084d00000, 0x0000000084d00000, 0x0000000084e00000|  0%| F|  |TS  0|AC  0|TAMS 0x0000000084d00000, 0x0000000084d00000|
|  46|0x0000000084e00000, 0x0000000084e00000, 0x0000000084f00000|  0%| F|  |TS  0|AC  0|TAMS 0x0000000084e00000, 0x0000000084e00000|
|  47|0x0000000084f00000, 0x0000000084f00000, 0x0000000085000000|  0%| F|  |TS  0|AC  0|TAMS 0x0000000084f00000, 0x0000000084f00000|
|  48|0x0000000085000000, 0x0000000085000000, 0x0000000085100000|  0%| F|  |TS  0|AC  0|TAMS 0x0000000085000000, 0x0000000085000000|
|  49|0x0000000085100000, 0x0000000085100000, 0x0000000085200000|  0%| F|  |TS  0|AC  0|TAMS 0x0000000085100000, 0x0000000085100000|
|  50|0x0000000085200000, 0x0000000085200000, 0x0000000085300000|  0%| F|  |TS  0|AC  0|TAMS 0x0000000085200000, 0x0000000085200000|
|  51|0x0000000085300000, 0x0000000085300000, 0x0000000085400000|  0%| F|  |TS  0|AC  0|TAMS 0x0000000085300000, 0x0000000085300000|
|  52|0x0000000085400000, 0x0000000085400000, 0x0000000085500000|  0%| F|  |TS  0|AC  0|TAMS 0x0000000085400000, 0x0000000085400000|
|  53|0x0000000085500000, 0x0000000085500000, 0x0000000085600000|  0%| F|  |TS  0|AC  0|TAMS 0x0000000085500000, 0x0000000085500000|
|  54|0x0000000085600000, 0x0000000085600000, 0x0000000085700000|  0%| F|  |TS  0|AC  0|TAMS 0x0000000085600000, 0x0000000085600000|
|  55|0x0000000085700000, 0x0000000085700000, 0x0000000085800000|  0%| F|  |TS  0|AC  0|TAMS 0x0000000085700000, 0x0000000085700000|
|  56|0x0000000085800000, 0x0000000085800000, 0x0000000085900000|  0%| F|  |TS  0|AC  0|TAMS 0x0000000085800000, 0x0000000085800000|
|  57|0x0000000085900000, 0x0000000085900000, 0x0000000085a00000|  0%| F|  |TS  0|AC  0|TAMS 0x0000000085900000, 0x0000000085900000|
|  58|0x0000000085a00000, 0x0000000085a00000, 0x0000000085b00000|  0%| F|  |TS  0|AC  0|TAMS 0x0000000085a00000, 0x0000000085a00000|
|  59|0x0000000085b00000, 0x0000000085b00000, 0x0000000085c00000|  0%| F|  |TS  0|AC  0|TAMS 0x0000000085b00000, 0x0000000085b00000|
|  60|0x0000000085c00000, 0x0000000085c00000, 0x0000000085d00000|  0%| F|  |TS  0|AC  0|TAMS 0x0000000085c00000, 0x0000000085c00000|
|  61|0x0000000085d00000, 0x0000000085d00000, 0x0000000085e00000|  0%| F|  |TS  0|AC  0|TAMS 0x0000000085d00000, 0x0000000085d00000|
|  62|0x0000000085e00000, 0x0000000085e00000, 0x0000000085f00000|  0%| F|  |TS  0|AC  0|TAMS 0x0000000085e00000, 0x0000000085e00000|
|  63|0x0000000085f00000, 0x0000000085f00000, 0x0000000086000000|  0%| F|  |TS  0|AC  0|TAMS 0x0000000085f00000, 0x0000000085f00000|
|  64|0x0000000086000000, 0x0000000086000000, 0x0000000086100000|  0%| F|  |TS  0|AC  0|TAMS 0x0000000086000000, 0x0000000086000000|
|  65|0x0000000086100000, 0x0000000086100000, 0x0000000086200000|  0%| F|  |TS  0|AC  0|TAMS 0x0000000086100000, 0x0000000086100000|
|  66|0x0000000086200000, 0x0000000086200000, 0x0000000086300000|  0%| F|  |TS  0|AC  0|TAMS 0x0000000086200000, 0x0000000086200000|
|  67|0x0000000086300000, 0x0000000086300000, 0x0000000086400000|  0%| F|  |TS  0|AC  0|TAMS 0x0000000086300000, 0x0000000086300000|
|  68|0x0000000086400000, 0x0000000086400000, 0x0000000086500000|  0%| F|  |TS  0|AC  0|TAMS 0x0000000086400000, 0x0000000086400000|
|  69|0x0000000086500000, 0x0000000086500000, 0x0000000086600000|  0%| F|  |TS  0|AC  0|TAMS 0x0000000086500000, 0x0000000086500000|
|  70|0x0000000086600000, 0x0000000086600000, 0x0000000086700000|  0%| F|  |TS  0|AC  0|TAMS 0x0000000086600000, 0x0000000086600000|
|  71|0x0000000086700000, 0x0000000086700000, 0x0000000086800000|  0%| F|  |TS  0|AC  0|TAMS 0x0000000086700000, 0x0000000086700000|
|  72|0x0000000086800000, 0x0000000086800000, 0x0000000086900000|  0%| F|  |TS  0|AC  0|TAMS 0x0000000086800000, 0x0000000086800000|
|  73|0x0000000086900000, 0x0000000086900000, 0x0000000086a00000|  0%| F|  |TS  0|AC  0|TAMS 0x0000000086900000, 0x0000000086900000|
|  74|0x0000000086a00000, 0x0000000086a00000, 0x0000000086b00000|  0%| F|  |TS  0|AC  0|TAMS 0x0000000086a00000, 0x0000000086a00000|
|  75|0x0000000086b00000, 0x0000000086b00000, 0x0000000086c00000|  0%| F|  |TS  0|AC  0|TAMS 0x0000000086b00000, 0x0000000086b00000|
|  76|0x0000000086c00000, 0x0000000086c00000, 0x0000000086d00000|  0%| F|  |TS  0|AC  0|TAMS 0x0000000086c00000, 0x0000000086c00000|
|  77|0x0000000086d00000, 0x0000000086d00000, 0x0000000086e00000|  0%| F|  |TS  0|AC  0|TAMS 0x0000000086d00000, 0x0000000086d00000|
|  78|0x0000000086e00000, 0x0000000086e00000, 0x0000000086f00000|  0%| F|  |TS  0|AC  0|TAMS 0x0000000086e00000, 0x0000000086e00000|
|  79|0x0000000086f00000, 0x0000000087000000, 0x0000000087000000|100%| E|  |TS  0|AC  0|TAMS 0x0000000086f00000, 0x0000000086f00000|
|  80|0x0000000087000000, 0x0000000087100000, 0x0000000087100000|100%| E|CS|TS  0|AC  0|TAMS 0x0000000087000000, 0x0000000087000000|
|  81|0x0000000087100000, 0x0000000087200000, 0x0000000087200000|100%| E|CS|TS  0|AC  0|TAMS 0x0000000087100000, 0x0000000087100000|
|  82|0x0000000087200000, 0x0000000087300000, 0x0000000087300000|100%| E|CS|TS  0|AC  0|TAMS 0x0000000087200000, 0x0000000087200000|
|  83|0x0000000087300000, 0x0000000087400000, 0x0000000087400000|100%| E|CS|TS  0|AC  0|TAMS 0x0000000087300000, 0x0000000087300000|
|  84|0x0000000087400000, 0x0000000087500000, 0x0000000087500000|100%| E|CS|TS  0|AC  0|TAMS 0x0000000087400000, 0x0000000087400000|
|  85|0x0000000087500000, 0x0000000087600000, 0x0000000087600000|100%| E|CS|TS  0|AC  0|TAMS 0x0000000087500000, 0x0000000087500000|
|  86|0x0000000087600000, 0x0000000087700000, 0x0000000087700000|100%| E|CS|TS  0|AC  0|TAMS 0x0000000087600000, 0x0000000087600000|
|  87|0x0000000087700000, 0x0000000087800000, 0x0000000087800000|100%| E|CS|TS  0|AC  0|TAMS 0x0000000087700000, 0x0000000087700000|
|  88|0x0000000087800000, 0x0000000087900000, 0x0000000087900000|100%| E|CS|TS  0|AC  0|TAMS 0x0000000087800000, 0x0000000087800000|
|  89|0x0000000087900000, 0x0000000087a00000, 0x0000000087a00000|100%| E|CS|TS  0|AC  0|TAMS 0x0000000087900000, 0x0000000087900000|
|  90|0x0000000087a00000, 0x0000000087b00000, 0x0000000087b00000|100%| E|CS|TS  0|AC  0|TAMS 0x0000000087a00000, 0x0000000087a00000|
|  91|0x0000000087b00000, 0x0000000087c00000, 0x0000000087c00000|100%| E|CS|TS  0|AC  0|TAMS 0x0000000087b00000, 0x0000000087b00000|
|  92|0x0000000087c00000, 0x0000000087d00000, 0x0000000087d00000|100%| E|CS|TS  0|AC  0|TAMS 0x0000000087c00000, 0x0000000087c00000|
|  93|0x0000000087d00000, 0x0000000087e00000, 0x0000000087e00000|100%| E|CS|TS  0|AC  0|TAMS 0x0000000087d00000, 0x0000000087d00000|
|  94|0x0000000087e00000, 0x0000000087f00000, 0x0000000087f00000|100%| E|CS|TS  0|AC  0|TAMS 0x0000000087e00000, 0x0000000087e00000|
|  95|0x0000000087f00000, 0x0000000088000000, 0x0000000088000000|100%| E|CS|TS  0|AC  0|TAMS 0x0000000087f00000, 0x0000000087f00000|
|  96|0x0000000088000000, 0x0000000088100000, 0x0000000088100000|100%| E|CS|TS  0|AC  0|TAMS 0x0000000088000000, 0x0000000088000000|
|  97|0x0000000088100000, 0x0000000088200000, 0x0000000088200000|100%| E|CS|TS  0|AC  0|TAMS 0x0000000088100000, 0x0000000088100000|
|  98|0x0000000088200000, 0x0000000088300000, 0x0000000088300000|100%| E|CS|TS  0|AC  0|TAMS 0x0000000088200000, 0x0000000088200000|
|  99|0x0000000088300000, 0x0000000088400000, 0x0000000088400000|100%| E|CS|TS  0|AC  0|TAMS 0x0000000088300000, 0x0000000088300000|
| 100|0x0000000088400000, 0x0000000088500000, 0x0000000088500000|100%| E|CS|TS  0|AC  0|TAMS 0x0000000088400000, 0x0000000088400000|
| 101|0x0000000088500000, 0x0000000088600000, 0x0000000088600000|100%| E|CS|TS  0|AC  0|TAMS 0x0000000088500000, 0x0000000088500000|
| 102|0x0000000088600000, 0x0000000088700000, 0x0000000088700000|100%| E|CS|TS  0|AC  0|TAMS 0x0000000088600000, 0x0000000088600000|
| 103|0x0000000088700000, 0x0000000088800000, 0x0000000088800000|100%| E|CS|TS  0|AC  0|TAMS 0x0000000088700000, 0x0000000088700000|
| 104|0x0000000088800000, 0x0000000088900000, 0x0000000088900000|100%| E|CS|TS  0|AC  0|TAMS 0x0000000088800000, 0x0000000088800000|
| 105|0x0000000088900000, 0x0000000088a00000, 0x0000000088a00000|100%| E|CS|TS  0|AC  0|TAMS 0x0000000088900000, 0x0000000088900000|
| 106|0x0000000088a00000, 0x0000000088b00000, 0x0000000088b00000|100%| E|CS|TS  0|AC  0|TAMS 0x0000000088a00000, 0x0000000088a00000|
| 107|0x0000000088b00000, 0x0000000088c00000, 0x0000000088c00000|100%| E|CS|TS  0|AC  0|TAMS 0x0000000088b00000, 0x0000000088b00000|
| 108|0x0000000088c00000, 0x0000000088d00000, 0x0000000088d00000|100%| E|CS|TS  0|AC  0|TAMS 0x0000000088c00000, 0x0000000088c00000|
| 109|0x0000000088d00000, 0x0000000088e00000, 0x0000000088e00000|100%| E|CS|TS  0|AC  0|TAMS 0x0000000088d00000, 0x0000000088d00000|
| 110|0x0000000088e00000, 0x0000000088f00000, 0x0000000088f00000|100%| S|CS|TS  1|AC  0|TAMS 0x0000000088e00000, 0x0000000088e00000|
| 111|0x0000000088f00000, 0x0000000089000000, 0x0000000089000000|100%| S|CS|TS  1|AC  0|TAMS 0x0000000088f00000, 0x0000000088f00000|
| 112|0x0000000089000000, 0x0000000089100000, 0x0000000089100000|100%| E|CS|TS  1|AC  0|TAMS 0x0000000089000000, 0x0000000089000000|
| 113|0x0000000089100000, 0x0000000089200000, 0x0000000089200000|100%| E|CS|TS  1|AC  0|TAMS 0x0000000089100000, 0x0000000089100000|
| 114|0x0000000089200000, 0x0000000089300000, 0x0000000089300000|100%| E|CS|TS  1|AC  0|TAMS 0x0000000089200000, 0x0000000089200000|
| 115|0x0000000089300000, 0x0000000089400000, 0x0000000089400000|100%| E|CS|TS  1|AC  0|TAMS 0x0000000089300000, 0x0000000089300000|
| 116|0x0000000089400000, 0x0000000089500000, 0x0000000089500000|100%| E|CS|TS  1|AC  0|TAMS 0x0000000089400000, 0x0000000089400000|
| 117|0x0000000089500000, 0x0000000089600000, 0x0000000089600000|100%| E|CS|TS  1|AC  0|TAMS 0x0000000089500000, 0x0000000089500000|
| 118|0x0000000089600000, 0x0000000089700000, 0x0000000089700000|100%| E|CS|TS  1|AC  0|TAMS 0x0000000089600000, 0x0000000089600000|
| 119|0x0000000089700000, 0x0000000089800000, 0x0000000089800000|100%| E|CS|TS  1|AC  0|TAMS 0x0000000089700000, 0x0000000089700000|
| 120|0x0000000089800000, 0x0000000089900000, 0x0000000089900000|100%| E|CS|TS  1|AC  0|TAMS 0x0000000089800000, 0x0000000089800000|
| 121|0x0000000089900000, 0x0000000089a00000, 0x0000000089a00000|100%| E|CS|TS  1|AC  0|TAMS 0x0000000089900000, 0x0000000089900000|
| 122|0x0000000089a00000, 0x0000000089b00000, 0x0000000089b00000|100%| E|CS|TS  1|AC  0|TAMS 0x0000000089a00000, 0x0000000089a00000|
| 123|0x0000000089b00000, 0x0000000089c00000, 0x0000000089c00000|100%| E|CS|TS  1|AC  0|TAMS 0x0000000089b00000, 0x0000000089b00000|
| 124|0x0000000089c00000, 0x0000000089d00000, 0x0000000089d00000|100%| E|CS|TS  1|AC  0|TAMS 0x0000000089c00000, 0x0000000089c00000|
| 125|0x0000000089d00000, 0x0000000089e00000, 0x0000000089e00000|100%| E|CS|TS  1|AC  0|TAMS 0x0000000089d00000, 0x0000000089d00000|

Card table byte_map: [0x00000289536a0000,0x0000028953a90000] byte_map_base: 0x0000028953290000

Marking Bits (Prev, Next): (CMBitMap*) 0x0000028937967f50, (CMBitMap*) 0x0000028937967f88
 Prev Bits: [0x0000028953e80000, 0x0000028955e00000)
 Next Bits: [0x0000028955e00000, 0x0000028957d80000)

Polling page: 0x0000028937870000

CodeHeap 'non-profiled nmethods': size=120064Kb used=720Kb max_used=720Kb free=119343Kb
 bounds [0x000002894b350000, 0x000002894b5c0000, 0x0000028952890000]
CodeHeap 'profiled nmethods': size=120000Kb used=3899Kb max_used=3899Kb free=116100Kb
 bounds [0x0000028943e20000, 0x00000289441f0000, 0x000002894b350000]
CodeHeap 'non-nmethods': size=5696Kb used=1506Kb max_used=1551Kb free=4189Kb
 bounds [0x0000028943890000, 0x0000028943b00000, 0x0000028943e20000]
 total_blobs=2970 nmethods=1725 adapters=733
 compilation: enabled

Compilation events (10 events):
Event: 18.037 Thread 0x000002895ac63800 nmethod 1728 0x000002894b403b10 code [0x000002894b403ca0, 0x000002894b403d18]
Event: 18.039 Thread 0x000002895ac64800 nmethod 1729 0x000002894b403d90 code [0x000002894b403f20, 0x000002894b404178]
Event: 18.170 Thread 0x000002895acde800 1730       3       com.badlogic.gdx.scenes.scene2d.Group::computeTransform (126 bytes)
Event: 18.171 Thread 0x000002895acde800 nmethod 1730 0x00000289441eaa10 code [0x00000289441eac20, 0x00000289441eb260]
Event: 19.561 Thread 0x000002895acde800 1731       3       org.lwjgl.opengl.WindowsDisplay::handleMessage (29 bytes)
Event: 19.561 Thread 0x000002895acde800 nmethod 1731 0x00000289441eb410 code [0x00000289441eb5e0, 0x00000289441eb800]
Event: 19.561 Thread 0x000002895acde800 1732       3       org.lwjgl.opengl.WindowsDisplay::doHandleMessage (970 bytes)
Event: 19.570 Thread 0x000002895acde800 nmethod 1732 0x00000289441eb910 code [0x00000289441ebdc0, 0x00000289441ee0f0]
Event: 19.667 Thread 0x000002895acde800 1733       3       com.badlogic.gdx.utils.IntArray::clear (6 bytes)
Event: 19.668 Thread 0x000002895acde800 nmethod 1733 0x00000289441eea90 code [0x00000289441eec40, 0x00000289441eed98]

GC Heap History (2 events):
Event: 1.507 GC heap before
{Heap before GC invocations=0 (full 0):
 garbage-first heap   total 129024K, used 14336K [0x0000000082000000, 0x00000000821003f0, 0x0000000100000000)
  region size 1024K, 14 young (14336K), 0 survivors (0K)
 Metaspace       used 9756K, capacity 9877K, committed 10112K, reserved 1058816K
  class space    used 816K, capacity 874K, committed 896K, reserved 1048576K
}
Event: 1.512 GC heap after
{Heap after GC invocations=1 (full 0):
 garbage-first heap   total 129024K, used 3382K [0x0000000082000000, 0x00000000821003f0, 0x0000000100000000)
  region size 1024K, 2 young (2048K), 2 survivors (2048K)
 Metaspace       used 9756K, capacity 9877K, committed 10112K, reserved 1058816K
  class space    used 816K, capacity 874K, committed 896K, reserved 1048576K
}

Deoptimization events (8 events):
Event: 0.189 Thread 0x00000289378c9800 Uncommon trap: reason=unstable_if action=reinterpret pc=0x000002894b355e90 method=java.lang.StringLatin1.indexOf([BII)I @ 23 c2
Event: 0.200 Thread 0x00000289378c9800 Uncommon trap: reason=range_check action=reinterpret pc=0x000002894b352f68 method=java.lang.StringLatin1.indexOf([BII)I @ 13 c2
Event: 0.216 Thread 0x00000289378c9800 Uncommon trap: reason=unstable_if action=reinterpret pc=0x000002894b3559e8 method=java.net.URI.match(CJJ)Z @ 19 c2
Event: 0.304 Thread 0x00000289378c9800 Uncommon trap: reason=unstable_if action=reinterpret pc=0x000002894b352818 method=java.lang.String.charAt(I)C @ 4 c2
Event: 0.393 Thread 0x00000289378c9800 Uncommon trap: reason=unstable_if action=reinterpret pc=0x000002894b36287c method=java.io.WinNTFileSystem.isSlash(C)Z @ 9 c2
Event: 1.078 Thread 0x00000289378c9800 Uncommon trap: reason=unstable_if action=reinterpret pc=0x000002894b3770fc method=java.nio.Buffer.hasRemaining()Z @ 8 c2
Event: 5.783 Thread 0x000002895b26e000 Uncommon trap: reason=unstable_if action=reinterpret pc=0x000002894b3bccd8 method=jdk.internal.math.FloatingDecimal.readJavaFormatString(Ljava/lang/String;)Ljdk/internal/math/FloatingDecimal$ASCIIToBinaryConverter; @ 235 c2
Event: 5.964 Thread 0x000002895b26e000 Uncommon trap: reason=unstable_if action=reinterpret pc=0x000002894b3ad0c8 method=com.badlogic.gdx.utils.ObjectIntMap.get(Ljava/lang/Object;I)I @ 24 c2

Classes redefined (0 events):
No events

Internal exceptions (10 events):
Event: 0.642 Thread 0x00000289378c9800 Exception <a 'java/security/PrivilegedActionException'{0x0000000089506ac8}> (0x0000000089506ac8) thrown at [t:/workspace/hotspot/src/share/vm/prims/jvm.cpp, line 1310]
Event: 1.512 Thread 0x000002895d144000 Exception <a 'java/lang/NoSuchMethodError'{0x0000000089d84dc8}: java.lang.invoke.DirectMethodHandle$Holder.invokeStatic(Ljava/lang/Object;J)V> (0x0000000089d84dc8) thrown at [t:/workspace/hotspot/src/share/vm/interpreter/linkResolver.cpp, line 731]
Event: 1.514 Thread 0x000002895d144000 Exception <a 'java/lang/NoSuchMethodError'{0x0000000089d89f78}: java.lang.invoke.DirectMethodHandle$Holder.invokeStatic(Ljava/lang/Object;J)Ljava/lang/Object;> (0x0000000089d89f78) thrown at [t:/workspace/hotspot/src/share/vm/interpreter/linkResolver.cpp,
Event: 1.515 Thread 0x000002895d144000 Exception <a 'java/lang/NoSuchMethodError'{0x0000000089d8d6e8}: method resolution failed> (0x0000000089d8d6e8) thrown at [t:/workspace/hotspot/src/share/vm/prims/methodHandles.cpp, line 1256]
Event: 1.524 Thread 0x000002895d144000 Exception <a 'java/lang/NoSuchMethodError'{0x0000000089d99280}: method resolution failed> (0x0000000089d99280) thrown at [t:/workspace/hotspot/src/share/vm/prims/methodHandles.cpp, line 1256]
Event: 1.525 Thread 0x000002895d144000 Exception <a 'java/lang/NoSuchMethodError'{0x0000000089d9c798}: java.lang.invoke.DirectMethodHandle$Holder.invokeStaticInit(Ljava/lang/Object;Ljava/lang/Object;JLjava/lang/Object;)Ljava/lang/Object;> (0x0000000089d9c798) thrown at [t:/workspace/hotspot/sr
Event: 1.526 Thread 0x000002895d144000 Exception <a 'java/lang/NoSuchMethodError'{0x0000000089da2598}: java.lang.invoke.DirectMethodHandle$Holder.invokeStatic(Ljava/lang/Object;Ljava/lang/Object;J)Ljava/lang/Object;> (0x0000000089da2598) thrown at [t:/workspace/hotspot/src/share/vm/interpreter
Event: 1.527 Thread 0x000002895d144000 Exception <a 'java/lang/NoSuchMethodError'{0x0000000089da5a20}: method resolution failed> (0x0000000089da5a20) thrown at [t:/workspace/hotspot/src/share/vm/prims/methodHandles.cpp, line 1256]
Event: 1.558 Thread 0x000002895b26e000 Exception <a 'java/lang/NoSuchMethodError'{0x0000000089b04870}: java.lang.Object.lambda$negate$3(I)Z> (0x0000000089b04870) thrown at [t:/workspace/hotspot/src/share/vm/interpreter/linkResolver.cpp, line 731]
Event: 1.821 Thread 0x000002895b26e000 Exception <a 'java/lang/NoSuchMethodError'{0x0000000089753c50}: java.lang.invoke.DirectMethodHandle$Holder.invokeVirtual(Ljava/lang/Object;Ljava/lang/Object;)V> (0x0000000089753c50) thrown at [t:/workspace/hotspot/src/share/vm/interpreter/linkResolver.cpp

Events (10 events):
Event: 5.964 Thread 0x000002895b26e000 Uncommon trap: trap_request=0xffffff5d fr.pc=0x000002894b3ad0c8 relative=0x0000000000000388
Event: 5.964 Thread 0x000002895b26e000 DEOPT PACKING pc=0x000002894b3ad0c8 sp=0x0000008e494feb60
Event: 5.964 Thread 0x000002895b26e000 DEOPT UNPACKING pc=0x00000289438ddf29 sp=0x0000008e494feaf8 mode 2
Event: 5.977 loading class org/lwjgl/opengl/GL13
Event: 5.977 loading class org/lwjgl/opengl/GL13 done
Event: 19.561 loading class com/badlogic/gdx/backends/lwjgl/LwjglApplication$2
Event: 19.561 loading class com/badlogic/gdx/backends/lwjgl/LwjglApplication$2 done
Event: 19.567 Thread 0x000002895cdef000 Thread exited: 0x000002895cdef000
Event: 19.664 Executing VM operation: RevokeBias
Event: 19.664 Executing VM operation: RevokeBias done


Dynamic libraries:
0x00007ff7a6c30000 - 0x00007ff7a6c6e000 	C:\Program Files\Java\jdk-9.0.4\bin\java.exe
0x00007ff8a96b0000 - 0x00007ff8a988f000 	C:\WINDOWS\SYSTEM32\ntdll.dll
0x00007ff8a8300000 - 0x00007ff8a83af000 	C:\WINDOWS\System32\KERNEL32.DLL
0x00007ff8a5e50000 - 0x00007ff8a60b9000 	C:\WINDOWS\System32\KERNELBASE.dll
0x00007ff8a8d10000 - 0x00007ff8a8db1000 	C:\WINDOWS\System32\ADVAPI32.dll
0x00007ff8a83b0000 - 0x00007ff8a844e000 	C:\WINDOWS\System32\msvcrt.dll
0x00007ff8a8240000 - 0x00007ff8a829b000 	C:\WINDOWS\System32\sechost.dll
0x00007ff8a8110000 - 0x00007ff8a8231000 	C:\WINDOWS\System32\RPCRT4.dll
0x00007ff8a8fa0000 - 0x00007ff8a912e000 	C:\WINDOWS\System32\USER32.dll
0x00007ff8a5d90000 - 0x00007ff8a5db0000 	C:\WINDOWS\System32\win32u.dll
0x00007ff8a8b40000 - 0x00007ff8a8b68000 	C:\WINDOWS\System32\GDI32.dll
0x00007ff8a6960000 - 0x00007ff8a6af3000 	C:\WINDOWS\System32\gdi32full.dll
0x00007ff8a5db0000 - 0x00007ff8a5e4f000 	C:\WINDOWS\System32\msvcp_win.dll
0x00007ff8a5c90000 - 0x00007ff8a5d88000 	C:\WINDOWS\System32\ucrtbase.dll
0x00007ff89ced0000 - 0x00007ff89d139000 	C:\WINDOWS\WinSxS\amd64_microsoft.windows.common-controls_6595b64144ccf1df_6.0.17074.1002_none_d185790d80b1a8de\COMCTL32.dll
0x00007ff8a8560000 - 0x00007ff8a8889000 	C:\WINDOWS\System32\combase.dll
0x00007ff8a68e0000 - 0x00007ff8a695a000 	C:\WINDOWS\System32\bcryptPrimitives.dll
0x00007ff89ce80000 - 0x00007ff89ce8a000 	C:\WINDOWS\SYSTEM32\VERSION.dll
0x00007ff8a8ce0000 - 0x00007ff8a8d0d000 	C:\WINDOWS\System32\IMM32.DLL
0x00007ff88abf0000 - 0x00007ff88acdf000 	C:\Program Files\Java\jdk-9.0.4\bin\msvcr120.dll
0x00007ff89d560000 - 0x00007ff89d606000 	C:\Program Files\Java\jdk-9.0.4\bin\msvcp120.dll
0x00000000556a0000 - 0x00000000560c5000 	C:\Program Files\Java\jdk-9.0.4\bin\server\jvm.dll
0x00007ff8a9130000 - 0x00007ff8a9138000 	C:\WINDOWS\System32\PSAPI.DLL
0x00007ff8a4640000 - 0x00007ff8a4649000 	C:\WINDOWS\SYSTEM32\WSOCK32.dll
0x00007ff89cea0000 - 0x00007ff89cec3000 	C:\WINDOWS\SYSTEM32\WINMM.dll
0x00007ff8a91b0000 - 0x00007ff8a921c000 	C:\WINDOWS\System32\WS2_32.dll
0x00007ff89cd70000 - 0x00007ff89cd9a000 	C:\WINDOWS\SYSTEM32\WINMMBASE.dll
0x00007ff8a6b00000 - 0x00007ff8a6b49000 	C:\WINDOWS\System32\cfgmgr32.dll
0x00007ff8a03b0000 - 0x00007ff8a03bf000 	C:\Program Files\Java\jdk-9.0.4\bin\verify.dll
0x00007ff89fdf0000 - 0x00007ff89fe17000 	C:\Program Files\Java\jdk-9.0.4\bin\java.dll
0x00007ff887b40000 - 0x00007ff887b6a000 	C:\Program Files\Java\jdk-9.0.4\bin\instrument.dll
0x00007ff89fd30000 - 0x00007ff89fd46000 	C:\Program Files\Java\jdk-9.0.4\bin\zip.dll
0x00007ff8a0370000 - 0x00007ff8a037a000 	C:\Program Files\Java\jdk-9.0.4\bin\jimage.dll
0x00007ff8a6cd0000 - 0x00007ff8a8108000 	C:\WINDOWS\System32\SHELL32.dll
0x00007ff8a8a90000 - 0x00007ff8a8b35000 	C:\WINDOWS\System32\shcore.dll
0x00007ff8a61d0000 - 0x00007ff8a68d3000 	C:\WINDOWS\System32\windows.storage.dll
0x00007ff8a8890000 - 0x00007ff8a88e1000 	C:\WINDOWS\System32\shlwapi.dll
0x00007ff8a5a40000 - 0x00007ff8a5a51000 	C:\WINDOWS\System32\kernel.appcore.dll
0x00007ff8a5a60000 - 0x00007ff8a5aac000 	C:\WINDOWS\System32\powrprof.dll
0x00007ff8a5a20000 - 0x00007ff8a5a3b000 	C:\WINDOWS\System32\profapi.dll
0x00007ff89d540000 - 0x00007ff89d55a000 	C:\Program Files\Java\jdk-9.0.4\bin\net.dll
0x00007ff89a2c0000 - 0x00007ff89a39c000 	C:\WINDOWS\SYSTEM32\WINHTTP.dll
0x00007ff8a52a0000 - 0x00007ff8a5307000 	C:\WINDOWS\system32\mswsock.dll
0x00007ff89d210000 - 0x00007ff89d221000 	C:\Program Files\Java\jdk-9.0.4\bin\nio.dll
0x00007ff888920000 - 0x00007ff88893a000 	C:\Program Files\JetBrains\IntelliJ IDEA Community Edition 2018.1\bin\breakgen64.dll
0x0000000065580000 - 0x0000000065616000 	C:\Users\Eirik\AppData\Local\Temp\libgdxEirik\38c81921\gdx64.dll
0x00007ff8a5450000 - 0x00007ff8a5467000 	C:\WINDOWS\SYSTEM32\CRYPTSP.dll
0x00007ff8a4e80000 - 0x00007ff8a4eb3000 	C:\WINDOWS\system32\rsaenh.dll
0x00007ff8a5560000 - 0x00007ff8a5585000 	C:\WINDOWS\SYSTEM32\bcrypt.dll
0x00007ff8a5930000 - 0x00007ff8a5958000 	C:\WINDOWS\SYSTEM32\USERENV.dll
0x00007ff8a5470000 - 0x00007ff8a547b000 	C:\WINDOWS\SYSTEM32\CRYPTBASE.dll
0x00007ff8a5020000 - 0x00007ff8a5058000 	C:\WINDOWS\SYSTEM32\IPHLPAPI.DLL
0x00007ff8a9220000 - 0x00007ff8a9228000 	C:\WINDOWS\System32\NSI.dll
0x00007ff89e410000 - 0x00007ff89e426000 	C:\WINDOWS\SYSTEM32\dhcpcsvc6.DLL
0x00007ff89e4e0000 - 0x00007ff89e4fa000 	C:\WINDOWS\SYSTEM32\dhcpcsvc.DLL
0x0000000180000000 - 0x0000000180053000 	C:\Users\Eirik\AppData\Local\Temp\libgdxEirik\dc0f0009\lwjgl64.dll
0x00007ff882e10000 - 0x00007ff882f30000 	C:\WINDOWS\SYSTEM32\OPENGL32.dll
0x00007ff888a20000 - 0x00007ff888a4c000 	C:\WINDOWS\SYSTEM32\GLU32.dll
0x000002895bde0000 - 0x000002895be44000 	C:\Users\Eirik\AppData\Local\Temp\libgdxEirik\dc0f0009\OpenAL64.dll
0x00007ff8a8b70000 - 0x00007ff8a8cbc000 	C:\WINDOWS\System32\ole32.dll
0x00007ff8a33c0000 - 0x00007ff8a3457000 	C:\WINDOWS\system32\uxtheme.dll
0x00007ff8a6c20000 - 0x00007ff8a6cc1000 	C:\WINDOWS\System32\clbcatq.dll
0x00007ff8a37a0000 - 0x00007ff8a3954000 	C:\WINDOWS\System32\PROPSYS.dll
0x00007ff8a6b50000 - 0x00007ff8a6c13000 	C:\WINDOWS\System32\OLEAUT32.dll
0x00007ff85f8d0000 - 0x00007ff85f95f000 	C:\WINDOWS\SYSTEM32\dsound.dll
0x00007ff89de20000 - 0x00007ff89de8d000 	C:\WINDOWS\System32\MMDevApi.dll
0x00007ff8a5810000 - 0x00007ff8a5837000 	C:\WINDOWS\System32\DEVOBJ.dll
0x00007ff88c0c0000 - 0x00007ff88c1ee000 	C:\WINDOWS\SYSTEM32\AUDIOSES.DLL
0x00007ff8a1370000 - 0x00007ff8a14b0000 	C:\WINDOWS\SYSTEM32\wintypes.dll
0x00007ff8a05c0000 - 0x00007ff8a05ca000 	C:\WINDOWS\SYSTEM32\AVRT.dll
0x00007ff8a8dc0000 - 0x00007ff8a8f25000 	C:\WINDOWS\System32\MSCTF.dll
0x00007ff8a3e30000 - 0x00007ff8a3e59000 	C:\WINDOWS\system32\dwmapi.dll
0x00007ff89c070000 - 0x00007ff89c104000 	C:\WINDOWS\System32\TextInputFramework.dll
0x00007ff8a2c80000 - 0x00007ff8a2d5b000 	C:\WINDOWS\System32\CoreMessaging.dll
0x00007ff89b5f0000 - 0x00007ff89b905000 	C:\WINDOWS\System32\CoreUIComponents.dll
0x00007ff8a4c00000 - 0x00007ff8a4c31000 	C:\WINDOWS\SYSTEM32\ntmarta.dll
0x00007ff847960000 - 0x00007ff8486aa000 	C:\WINDOWS\System32\DriverStore\FileRepository\igdlh64.inf_amd64_463164d40c3d26ce\ig9icd64.dll
0x00007ff8a4620000 - 0x00007ff8a4633000 	C:\WINDOWS\SYSTEM32\WTSAPI32.dll
0x00007ff89cda0000 - 0x00007ff89ce41000 	C:\WINDOWS\SYSTEM32\mscms.dll
0x00007ff89cd30000 - 0x00007ff89cd40000 	C:\WINDOWS\SYSTEM32\ColorAdapterClient.dll
0x00007ff85f1e0000 - 0x00007ff85f223000 	C:\WINDOWS\SYSTEM32\icm32.dll
0x00007ff895780000 - 0x00007ff8968dd000 	C:\WINDOWS\System32\DriverStore\FileRepository\igdlh64.inf_amd64_463164d40c3d26ce\igc64.dll
0x00007ff8a4800000 - 0x00007ff8a48b8000 	C:\WINDOWS\SYSTEM32\dxgi.dll
0x00007ff8a1e10000 - 0x00007ff8a210a000 	C:\WINDOWS\SYSTEM32\d3d11.dll
0x00007ff897650000 - 0x00007ff898bcc000 	C:\WINDOWS\System32\DriverStore\FileRepository\igdlh64.inf_amd64_463164d40c3d26ce\igd10iumd64.dll
0x00007ff8a5530000 - 0x00007ff8a5556000 	C:\WINDOWS\SYSTEM32\ncrypt.dll
0x00007ff8a54f0000 - 0x00007ff8a5526000 	C:\WINDOWS\SYSTEM32\NTASN1.dll
0x00007ff8a5060000 - 0x00007ff8a5115000 	C:\WINDOWS\SYSTEM32\DNSAPI.dll
0x00007ff8992d0000 - 0x00007ff8992da000 	C:\Windows\System32\rasadhlp.dll
0x00007ff89a240000 - 0x00007ff89a2b1000 	C:\WINDOWS\System32\fwpuclnt.dll
0x0000000062840000 - 0x0000000062cbb000 	C:\Users\Eirik\AppData\Local\Temp\libgdxEirik\597b9d0b\gdx-bullet64.dll
0x00007ff8a4450000 - 0x00007ff8a4619000 	C:\WINDOWS\SYSTEM32\dbghelp.dll

VM Arguments:
jvm_args: -javaagent:C:\Program Files\JetBrains\IntelliJ IDEA Community Edition 2018.1\lib\idea_rt.jar=57940:C:\Program Files\JetBrains\IntelliJ IDEA Community Edition 2018.1\bin -Dfile.encoding=UTF-8 
java_command: uib.bamboozle.Game
java_class_path (initial): C:\Users\Eirik\Documents\Programming\GoGoLand\out\production\classes;C:\Users\Eirik\.gradle\caches\modules-2\files-2.1\com.google.guava\guava\23.0\c947004bb13d18182be60077ade044099e4f26f1\guava-23.0.jar;C:\Users\Eirik\.gradle\caches\modules-2\files-2.1\com.badlogicgames.gdx\gdx-backend-lwjgl\1.9.6\ee7c23636ee4a942d329579daecc3ec5e517fe4c\gdx-backend-lwjgl-1.9.6.jar;C:\Users\Eirik\.gradle\caches\modules-2\files-2.1\com.badlogicgames.gdx\gdx-platform\1.9.6\6f84dd7a18dc68e4ec492dfbb0594f930babcf63\gdx-platform-1.9.6-natives-desktop.jar;C:\Users\Eirik\.gradle\caches\modules-2\files-2.1\com.badlogicgames.gdx\gdx-bullet\1.9.6\13a6f83e5ae513c469b9998ed09409ae3667fed\gdx-bullet-1.9.6.jar;C:\Users\Eirik\.gradle\caches\modules-2\files-2.1\com.badlogicgames.gdx\gdx-bullet-platform\1.9.6\7b1c77c4185abda72e489d66dd2e9d87328c081\gdx-bullet-platform-1.9.6-natives-desktop.jar;C:\Users\Eirik\.gradle\caches\modules-2\files-2.1\com.google.code.findbugs\jsr305\1.3.9\40719ea6961c0cb6afaeb6a921eaa1f6afd4cfdf\jsr305-1.3.9.jar;C:\Users\Eirik\.gradle\caches\modules-2\files-2.1\com.google.errorprone\error_prone_annotations\2.0.18\5f65affce1684999e2f4024983835efc3504012e\error_prone_annotations-2.0.18.jar;C:\Users\Eirik\.gradle\caches\modules-2\files-2.1\com.google.j2objc\j2objc-annotations\1.1\976d8d30bebc251db406f2bdb3eb01962b5685b3\j2objc-annotations-1.1.jar;C:\Users\Eirik\.gradle\caches\modules-2\files-2.1\org.codehaus.mojo\animal-sniffer-annotations\1.14\775b7e22fb10026eed3f86e8dc556dfafe35f2d5\animal-sniffer-annotations-1.14.jar;C:\Users\Eirik\.gradle\caches\modules-2\files-2.1\com.badlogicgames.gdx\gdx\1.9.6\47d1e9b890e364ec28f128e9bb3b9a12a94c164\gdx-1.9.6.jar;C:\Users\Eirik\.gradle\caches\modules-2\files-2.1\org.lwjgl.lwjgl\lwjgl_util\2.9.2\4b9e37300a87799856e0bd15ed81663cdb6b0947\lwjgl_util-2.9.2.jar;C:\Users\Eirik\.gradle\caches\modules-2\files-2.1\org.lwjgl.lwjgl\lwjgl\2.9.2\a9d80fe5935c7a9149f6584d9777cfd471f65489\lwjgl-2.9.2.jar;C:\Users\Eirik\.gradl
Launcher Type: SUN_STANDARD

Logging:
Log output configuration:
#0: stdout all=warning uptime,level,tags
#1: stderr all=off uptime,level,tags

Environment Variables:
PATH=C:\ProgramData\Oracle\Java\javapath;C:\Program Files (x86)\Intel\iCLS Client\;C:\Program Files\Intel\iCLS Client\;C:\Windows\system32;C:\Windows;C:\Windows\System32\Wbem;C:\Windows\System32\WindowsPowerShell\v1.0\;C:\Program Files (x86)\Intel\Intel(R) Management Engine Components\DAL;C:\Program Files\Intel\Intel(R) Management Engine Components\DAL;C:\Program Files (x86)\Intel\Intel(R) Management Engine Components\IPT;C:\Program Files\Intel\Intel(R) Management Engine Components\IPT;C:\Program Files (x86)\NVIDIA Corporation\PhysX\Common;C:\Program Files\Intel\WiFi\bin\;C:\Program Files\Common Files\Intel\WirelessCommon\;C:\WINDOWS\system32;C:\WINDOWS;C:\WINDOWS\System32\Wbem;C:\WINDOWS\System32\WindowsPowerShell\v1.0\;C:\WINDOWS\System32\LibreSSL\;C:\WINDOWS\System32\OpenSSH\;C:\Program Files\Git\cmd;C:\ProgramData\chocolatey\bin;C:\Go\bin;C:\Program Files\PuTTY\;C:\Users\Eirik\AppData\Local\Microsoft\WindowsApps;C:\Users\Eirik\AppData\Local\Programs\MiKTeX 2.9\miktex\bin\x64\
USERNAME=Eirik
OS=Windows_NT
PROCESSOR_IDENTIFIER=Intel64 Family 6 Model 78 Stepping 3, GenuineIntel



---------------  S Y S T E M  ---------------

OS: Windows 10 , 64 bit Build 17074 (10.0.17074.1002)

CPU:total 4 (initial active 4) (2 cores per cpu, 2 threads per core) family 6 model 78 stepping 3, cmov, cx8, fxsr, mmx, sse, sse2, sse3, ssse3, sse4.1, sse4.2, popcnt, avx, avx2, aes, clmul, erms, 3dnowpref, lzcnt, ht, tsc, tscinvbit, bmi1, bmi2, adx, fma

Memory: 4k page, physical 8249360k(2076400k free), swap 11919376k(2750040k free)

vm_info: Java HotSpot(TM) 64-Bit Server VM (9.0.4+11) for windows-amd64 JRE (9.0.4+11), built on Dec 20 2017 02:18:54 by "mach5one" with MS VC++ 12.0 (VS2013)

END.
